Connecting to database specified by database.yml
Connecting to database specified by database.yml


Started GET "/posts/1" for 127.0.0.1 at 2012-11-29 17:19:11 -0800
Processing by PostsController#show as */*
  Parameters: {"id"=>"1"}
  Rendered posts/_post.html.erb (4.2ms)
  Rendered posts/show.html.erb within layouts/application (13.8ms)
Completed 200 OK in 100ms (Views: 30.4ms | ActiveRecord: 3.3ms)


Started GET "/posts/1/mail" for 127.0.0.1 at 2012-11-29 17:19:11 -0800
Processing by PostsController#mail as */*
  Parameters: {"id"=>"1"}
  Rendered posts/_post.html.erb (2.2ms)
  Rendered post_mailer/decorated_email.html.erb within layouts/application (3.6ms)

Sent mail to to@example.com (26ms)
  Rendered text template (0.0ms)
Completed 200 OK in 111ms (Views: 3.3ms | ActiveRecord: 0.1ms)
Connecting to database specified by database.yml
Connecting to database specified by database.yml
  Rendered posts/_post.html.erb (2.3ms)
  Rendered post_mailer/decorated_email.html.erb within layouts/application (13.0ms)

Sent mail to to@example.com (64ms)
  Rendered posts/_post.html.erb (1.7ms)
  Rendered post_mailer/decorated_email.html.erb within layouts/application (2.2ms)

Sent mail to to@example.com (6ms)
  Rendered posts/_post.html.erb (1.6ms)
  Rendered post_mailer/decorated_email.html.erb within layouts/application (2.0ms)

Sent mail to to@example.com (6ms)
  Rendered posts/_post.html.erb (1.4ms)
  Rendered post_mailer/decorated_email.html.erb within layouts/application (1.9ms)

Sent mail to to@example.com (7ms)
  Rendered posts/_post.html.erb (1.6ms)
  Rendered post_mailer/decorated_email.html.erb within layouts/application (2.1ms)

Sent mail to to@example.com (7ms)
Connecting to database specified by database.yml
Connecting to database specified by database.yml


Started GET "/posts/1" for 127.0.0.1 at 2012-11-29 17:22:09 -0800
Processing by PostsController#show as */*
  Parameters: {"id"=>"1"}
  Rendered posts/_post.html.erb (4.1ms)
  Rendered posts/show.html.erb within layouts/application (13.9ms)
Completed 200 OK in 104ms (Views: 34.2ms | ActiveRecord: 3.2ms)


Started GET "/posts/1/mail" for 127.0.0.1 at 2012-11-29 17:22:09 -0800
Processing by PostsController#mail as */*
  Parameters: {"id"=>"1"}
  Rendered posts/_post.html.erb (2.0ms)
  Rendered post_mailer/decorated_email.html.erb within layouts/application (3.3ms)

Sent mail to to@example.com (25ms)
  Rendered text template (0.0ms)
Completed 200 OK in 113ms (Views: 3.4ms | ActiveRecord: 0.1ms)
Connecting to database specified by database.yml
Connecting to database specified by database.yml
  Rendered posts/_post.html.erb (2.9ms)
  Rendered post_mailer/decorated_email.html.erb within layouts/application (17.0ms)

Sent mail to to@example.com (80ms)
  Rendered posts/_post.html.erb (2.3ms)
  Rendered post_mailer/decorated_email.html.erb within layouts/application (2.8ms)

Sent mail to to@example.com (8ms)
  Rendered posts/_post.html.erb (2.0ms)
  Rendered post_mailer/decorated_email.html.erb within layouts/application (2.6ms)

Sent mail to to@example.com (8ms)
  Rendered posts/_post.html.erb (2.3ms)
  Rendered post_mailer/decorated_email.html.erb within layouts/application (3.0ms)

Sent mail to to@example.com (9ms)
  Rendered posts/_post.html.erb (1.8ms)
  Rendered post_mailer/decorated_email.html.erb within layouts/application (2.4ms)

Sent mail to to@example.com (8ms)
Connecting to database specified by database.yml
Connecting to database specified by database.yml


Started GET "/posts/1" for 127.0.0.1 at 2012-11-29 18:27:45 -0800
Processing by PostsController#show as */*
  Parameters: {"id"=>"1"}
  Rendered posts/_post.html.erb (3.9ms)
  Rendered posts/show.html.erb within layouts/application (11.6ms)
Completed 200 OK in 92ms (Views: 25.6ms | ActiveRecord: 2.7ms)


Started GET "/posts/1/mail" for 127.0.0.1 at 2012-11-29 18:27:45 -0800
Processing by PostsController#mail as */*
  Parameters: {"id"=>"1"}
  Rendered posts/_post.html.erb (2.0ms)
  Rendered post_mailer/decorated_email.html.erb within layouts/application (3.3ms)

Sent mail to to@example.com (20ms)
  Rendered text template (0.0ms)
Completed 200 OK in 92ms (Views: 2.6ms | ActiveRecord: 0.1ms)
Connecting to database specified by database.yml
Connecting to database specified by database.yml
  Rendered posts/_post.html.erb (2.3ms)
  Rendered post_mailer/decorated_email.html.erb within layouts/application (10.3ms)

Sent mail to to@example.com (56ms)
  Rendered posts/_post.html.erb (2.0ms)
  Rendered post_mailer/decorated_email.html.erb within layouts/application (2.6ms)

Sent mail to to@example.com (8ms)
  Rendered posts/_post.html.erb (2.1ms)
  Rendered post_mailer/decorated_email.html.erb within layouts/application (2.9ms)

Sent mail to to@example.com (8ms)
  Rendered posts/_post.html.erb (2.1ms)
  Rendered post_mailer/decorated_email.html.erb within layouts/application (2.7ms)

Sent mail to to@example.com (6ms)
  Rendered posts/_post.html.erb (1.9ms)
  Rendered post_mailer/decorated_email.html.erb within layouts/application (2.5ms)

Sent mail to to@example.com (8ms)
Connecting to database specified by database.yml
Connecting to database specified by database.yml


Started GET "/posts/1" for 127.0.0.1 at 2012-12-03 23:56:21 +0100
Processing by PostsController#show as */*
  Parameters: {"id"=>"1"}
  Rendered posts/_post.html.erb (4.5ms)
  Rendered posts/show.html.erb within layouts/application (17.0ms)
Completed 200 OK in 95ms (Views: 32.1ms | ActiveRecord: 2.5ms)


Started GET "/posts/1/mail" for 127.0.0.1 at 2012-12-03 23:56:21 +0100
Processing by PostsController#mail as */*
  Parameters: {"id"=>"1"}
  Rendered posts/_post.html.erb (3.4ms)
  Rendered post_mailer/decorated_email.html.erb within layouts/application (5.1ms)

Sent mail to to@example.com (26ms)
  Rendered text template (0.0ms)
Completed 200 OK in 114ms (Views: 3.2ms | ActiveRecord: 0.1ms)
Connecting to database specified by database.yml
Connecting to database specified by database.yml
  Rendered posts/_post.html.erb (2.1ms)
  Rendered post_mailer/decorated_email.html.erb within layouts/application (42.9ms)

Sent mail to to@example.com (21ms)
  Rendered posts/_post.html.erb (1.3ms)
  Rendered post_mailer/decorated_email.html.erb within layouts/application (1.7ms)

Sent mail to to@example.com (6ms)
  Rendered posts/_post.html.erb (1.7ms)
  Rendered post_mailer/decorated_email.html.erb within layouts/application (2.2ms)

Sent mail to to@example.com (6ms)
  Rendered posts/_post.html.erb (1.3ms)
  Rendered post_mailer/decorated_email.html.erb within layouts/application (1.6ms)

Sent mail to to@example.com (6ms)
  Rendered posts/_post.html.erb (1.4ms)
  Rendered post_mailer/decorated_email.html.erb within layouts/application (1.8ms)

Sent mail to to@example.com (6ms)
Connecting to database specified by database.yml
Connecting to database specified by database.yml


Started GET "/posts/1" for 127.0.0.1 at 2012-12-08 11:41:26 -0800
Processing by PostsController#show as */*
  Parameters: {"id"=>"1"}
  Rendered posts/_post.html.erb (8.8ms)
  Rendered posts/show.html.erb within layouts/application (31.4ms)
Completed 200 OK in 265ms (Views: 71.6ms | ActiveRecord: 17.4ms)


Started GET "/posts/1/mail" for 127.0.0.1 at 2012-12-08 11:41:27 -0800
Processing by PostsController#mail as */*
  Parameters: {"id"=>"1"}
  Rendered posts/_post.html.erb (4.5ms)
  Rendered post_mailer/decorated_email.html.erb within layouts/application (7.4ms)

Sent mail to to@example.com (37ms)
  Rendered text template (0.0ms)
Completed 200 OK in 182ms (Views: 5.1ms | ActiveRecord: 0.2ms)
Connecting to database specified by database.yml
Connecting to database specified by database.yml
  Rendered posts/_post.html.erb (3.2ms)
  Rendered post_mailer/decorated_email.html.erb within layouts/application (18.7ms)

Sent mail to to@example.com (66ms)
  Rendered posts/_post.html.erb (1.9ms)
  Rendered post_mailer/decorated_email.html.erb within layouts/application (2.5ms)

Sent mail to to@example.com (8ms)
  Rendered posts/_post.html.erb (1.8ms)
  Rendered post_mailer/decorated_email.html.erb within layouts/application (2.5ms)

Sent mail to to@example.com (7ms)
  Rendered posts/_post.html.erb (1.7ms)
  Rendered post_mailer/decorated_email.html.erb within layouts/application (2.2ms)

Sent mail to to@example.com (7ms)
  Rendered posts/_post.html.erb (1.9ms)
  Rendered post_mailer/decorated_email.html.erb within layouts/application (2.4ms)

Sent mail to to@example.com (7ms)
Connecting to database specified by database.yml
Connecting to database specified by database.yml


Started GET "/posts/1" for 127.0.0.1 at 2012-12-08 15:22:19 -0800
Processing by PostsController#show as */*
  Parameters: {"id"=>"1"}
  Rendered posts/_post.html.erb (4.2ms)
  Rendered posts/show.html.erb within layouts/application (13.6ms)
Completed 200 OK in 114ms (Views: 31.9ms | ActiveRecord: 3.2ms)


Started GET "/posts/1/mail" for 127.0.0.1 at 2012-12-08 15:22:19 -0800
Processing by PostsController#mail as */*
  Parameters: {"id"=>"1"}
  Rendered posts/_post.html.erb (2.5ms)
  Rendered post_mailer/decorated_email.html.erb within layouts/application (4.1ms)

Sent mail to to@example.com (25ms)
  Rendered text template (0.0ms)
Completed 200 OK in 116ms (Views: 3.2ms | ActiveRecord: 0.2ms)
Connecting to database specified by database.yml
Connecting to database specified by database.yml
  Rendered posts/_post.html.erb (4.4ms)
  Rendered post_mailer/decorated_email.html.erb within layouts/application (64.5ms)

Sent mail to to@example.com (39ms)
  Rendered posts/_post.html.erb (2.0ms)
  Rendered post_mailer/decorated_email.html.erb within layouts/application (2.5ms)

Sent mail to to@example.com (8ms)
  Rendered posts/_post.html.erb (2.7ms)
  Rendered post_mailer/decorated_email.html.erb within layouts/application (3.5ms)

Sent mail to to@example.com (8ms)
  Rendered posts/_post.html.erb (1.7ms)
  Rendered post_mailer/decorated_email.html.erb within layouts/application (2.2ms)

Sent mail to to@example.com (8ms)
  Rendered posts/_post.html.erb (2.3ms)
  Rendered post_mailer/decorated_email.html.erb within layouts/application (3.0ms)

Sent mail to to@example.com (8ms)
Connecting to database specified by database.yml
Connecting to database specified by database.yml


Started GET "/posts/1" for 127.0.0.1 at 2012-12-13 11:15:40 -0500
Processing by PostsController#show as */*
  Parameters: {"id"=>"1"}
  Rendered posts/_post.html.erb (3.6ms)
  Rendered posts/show.html.erb within layouts/application (10.1ms)
Completed 200 OK in 68ms (Views: 22.4ms | ActiveRecord: 2.2ms)


Started GET "/posts/1/mail" for 127.0.0.1 at 2012-12-13 11:15:40 -0500
Processing by PostsController#mail as */*
  Parameters: {"id"=>"1"}
  Rendered posts/_post.html.erb (1.9ms)
  Rendered post_mailer/decorated_email.html.erb within layouts/application (3.2ms)

Sent mail to to@example.com (17ms)
  Rendered text template (0.0ms)
Completed 200 OK in 73ms (Views: 2.8ms | ActiveRecord: 0.1ms)
Connecting to database specified by database.yml
Connecting to database specified by database.yml
  Rendered posts/_post.html.erb (2.7ms)
  Rendered post_mailer/decorated_email.html.erb within layouts/application (11.9ms)

Sent mail to to@example.com (18ms)
  Rendered posts/_post.html.erb (1.4ms)
  Rendered post_mailer/decorated_email.html.erb within layouts/application (2.0ms)

Sent mail to to@example.com (5ms)
  Rendered posts/_post.html.erb (1.3ms)
  Rendered post_mailer/decorated_email.html.erb within layouts/application (1.7ms)

Sent mail to to@example.com (6ms)
  Rendered posts/_post.html.erb (1.4ms)
  Rendered post_mailer/decorated_email.html.erb within layouts/application (1.9ms)

Sent mail to to@example.com (6ms)
  Rendered posts/_post.html.erb (1.3ms)
  Rendered post_mailer/decorated_email.html.erb within layouts/application (1.7ms)

Sent mail to to@example.com (5ms)
Connecting to database specified by database.yml
Connecting to database specified by database.yml


Started GET "/posts/1" for 127.0.0.1 at 2012-12-17 03:43:43 -0700
Processing by PostsController#show as */*
  Parameters: {"id"=>"1"}
  Rendered posts/_post.html.erb (2.4ms)
  Rendered posts/show.html.erb within layouts/application (7.7ms)
Completed 200 OK in 60ms (Views: 17.0ms | ActiveRecord: 1.9ms)


Started GET "/posts/1/mail" for 127.0.0.1 at 2012-12-17 03:43:43 -0700
Processing by PostsController#mail as */*
  Parameters: {"id"=>"1"}
  Rendered posts/_post.html.erb (1.2ms)
  Rendered post_mailer/decorated_email.html.erb within layouts/application (2.2ms)

Sent mail to to@example.com (12ms)
  Rendered text template (0.0ms)
Completed 200 OK in 57ms (Views: 1.6ms | ActiveRecord: 0.1ms)
Connecting to database specified by database.yml
Connecting to database specified by database.yml
  Rendered posts/_post.html.erb (1.3ms)
  Rendered post_mailer/decorated_email.html.erb within layouts/application (31.3ms)

Sent mail to to@example.com (14ms)
  Rendered posts/_post.html.erb (0.8ms)
  Rendered post_mailer/decorated_email.html.erb within layouts/application (1.1ms)

Sent mail to to@example.com (3ms)
  Rendered posts/_post.html.erb (0.9ms)
  Rendered post_mailer/decorated_email.html.erb within layouts/application (1.2ms)

Sent mail to to@example.com (3ms)
  Rendered posts/_post.html.erb (0.9ms)
  Rendered post_mailer/decorated_email.html.erb within layouts/application (1.2ms)

Sent mail to to@example.com (3ms)
  Rendered posts/_post.html.erb (0.9ms)
  Rendered post_mailer/decorated_email.html.erb within layouts/application (1.2ms)

Sent mail to to@example.com (4ms)
Connecting to database specified by database.yml
Connecting to database specified by database.yml


Started GET "/posts/1" for 127.0.0.1 at 2012-12-18 01:38:43 -0700
Processing by PostsController#show as */*
  Parameters: {"id"=>"1"}
  Rendered posts/_post.html.erb (2.3ms)
  Rendered posts/show.html.erb within layouts/application (7.6ms)
Completed 200 OK in 58ms (Views: 35.6ms | ActiveRecord: 1.8ms)


Started GET "/posts/1/mail" for 127.0.0.1 at 2012-12-18 01:38:43 -0700
Processing by PostsController#mail as */*
  Parameters: {"id"=>"1"}
  Rendered posts/_post.html.erb (1.2ms)
  Rendered post_mailer/decorated_email.html.erb within layouts/application (2.0ms)

Sent mail to to@example.com (39ms)
  Rendered text template (0.0ms)
Completed 200 OK in 67ms (Views: 2.0ms | ActiveRecord: 0.1ms)
Connecting to database specified by database.yml
Connecting to database specified by database.yml
  Rendered posts/_post.html.erb (1.5ms)
  Rendered post_mailer/decorated_email.html.erb within layouts/application (34.6ms)

Sent mail to to@example.com (14ms)
  Rendered posts/_post.html.erb (0.9ms)
  Rendered post_mailer/decorated_email.html.erb within layouts/application (1.3ms)

Sent mail to to@example.com (5ms)
  Rendered posts/_post.html.erb (0.9ms)
  Rendered post_mailer/decorated_email.html.erb within layouts/application (1.2ms)

Sent mail to to@example.com (4ms)
  Rendered posts/_post.html.erb (1.0ms)
  Rendered post_mailer/decorated_email.html.erb within layouts/application (1.5ms)

Sent mail to to@example.com (5ms)
  Rendered posts/_post.html.erb (1.0ms)
  Rendered post_mailer/decorated_email.html.erb within layouts/application (1.4ms)

Sent mail to to@example.com (36ms)
Connecting to database specified by database.yml
Connecting to database specified by database.yml
Started GET "/posts/1" for 127.0.0.1 at 2012-12-26 22:59:21 -0500
Processing by PostsController#show as */*
  Parameters: {"id"=>"1"}
  Rendered posts/_post.html.erb (3.8ms)
  Rendered posts/show.html.erb within layouts/application (30.6ms)
Completed 200 OK in 66ms (Views: 42.3ms | ActiveRecord: 1.8ms)
Started GET "/posts/1/mail" for 127.0.0.1 at 2012-12-26 22:59:22 -0500
Processing by PostsController#mail as */*
  Parameters: {"id"=>"1"}
  Rendered posts/_post.html.erb (1.4ms)
  Rendered post_mailer/decorated_email.html.erb within layouts/application (2.2ms)

Sent mail to to@example.com (39ms)
  Rendered text template (0.0ms)
Completed 200 OK in 78ms (Views: 2.5ms | ActiveRecord: 0.2ms)
Connecting to database specified by database.yml
Connecting to database specified by database.yml
  Rendered posts/_post.html.erb (2.2ms)
  Rendered post_mailer/decorated_email.html.erb within layouts/application (13.7ms)

Sent mail to to@example.com (26ms)
  Rendered posts/_post.html.erb (0.9ms)
  Rendered post_mailer/decorated_email.html.erb within layouts/application (1.2ms)

Sent mail to to@example.com (6ms)
  Rendered posts/_post.html.erb (0.9ms)
  Rendered post_mailer/decorated_email.html.erb within layouts/application (1.3ms)

Sent mail to to@example.com (6ms)
  Rendered posts/_post.html.erb (1.2ms)
  Rendered post_mailer/decorated_email.html.erb within layouts/application (1.6ms)

Sent mail to to@example.com (5ms)
  Rendered posts/_post.html.erb (1.3ms)
  Rendered post_mailer/decorated_email.html.erb within layouts/application (1.7ms)

Sent mail to to@example.com (4ms)
Connecting to database specified by database.yml
Connecting to database specified by database.yml
Connecting to database specified by database.yml
Connecting to database specified by database.yml
Connecting to database specified by database.yml
Connecting to database specified by database.yml
Connecting to database specified by database.yml
Connecting to database specified by database.yml
Started GET "/articles" for 127.0.0.1 at 2013-03-10 13:33:16 -0700
Processing by ArticlesController#index as */*
  Rendered articles/index.html.erb within layouts/application (4.0ms)
Completed 200 OK in 97ms (Views: 52.4ms | ActiveRecord: 2.7ms)
Started GET "/articles?locale=arr" for 127.0.0.1 at 2013-03-10 13:33:16 -0700
Processing by ArticlesController#index as */*
  Parameters: {"locale"=>"arr"}
  Rendered articles/index.html.erb within layouts/application (1.9ms)
Completed 200 OK in 8ms (Views: 6.1ms | ActiveRecord: 0.3ms)
Started GET "/articles" for 127.0.0.1 at 2013-03-10 13:33:16 -0700
Processing by ArticlesController#index as */*
  Rendered articles/index.html.erb within layouts/application (1.3ms)
Completed 200 OK in 12ms (Views: 10.0ms | ActiveRecord: 0.2ms)
Started GET "/articles?user=true" for 127.0.0.1 at 2013-03-10 13:33:16 -0700
Processing by ArticlesController#index as */*
  Parameters: {"user"=>"true"}
  Rendered articles/index.html.erb within layouts/application (3.3ms)
Completed 200 OK in 21ms (Views: 8.6ms | ActiveRecord: 1.3ms)
